test_server_maintains_connection_and_responds (test_stability.TestStability.test_server_maintains_connection_and_responds)
Tests if the IRC server maintains a connection and consistently responds ... 
--- Running Server Stability Test ---
Test: Attempting to establish and maintain connection with StabilityProber for stability check.
FAIL

======================================================================
FAIL: test_server_maintains_connection_and_responds (test_stability.TestStability.test_server_maintains_connection_and_responds)
Tests if the IRC server maintains a connection and consistently responds
----------------------------------------------------------------------
Traceback (most recent call last):
  File "/home/shaboom/ft_irc_dev_jack/irc_tester/tests/test_stability.py", line 33, in test_server_maintains_connection_and_responds
    self.assert_irc_reply(registration_responses, RPL_WELCOME, "Welcome") # Assert successful registration
    ^^^^^^^^^^^^^^^^^^^^^^^^^^^^^^^^^^^^^^^^^^^^^^^^^^^^^^^^^^^^^^^^^^^^^
  File "/home/shaboom/ft_irc_dev_jack/irc_tester/tests/irc_tester_utils.py", line 255, in assert_irc_reply
    self.assertTrue(found, f"Expected IRC reply {expected_code} not found in response:\n{response_lines}")
AssertionError: False is not true : Expected IRC reply 001 not found in response:
[':ft_irc NOTICE * :Password accepted. Continuing registration.', ':ft_irc 001 StabilityProber :Welcome to the IRC server StabilityProber!', ':ft_irc 002 StabilityProber :Your host is ft_irc, running version 1.0', ':ft_irc 003 StabilityProber :This server was created today', ':ft_irc 004 StabilityProber ft_irc 1.0 o o', ':ft_irc 375 StabilityProber :- ~ Meowdy, traveler! ~', ":ft_irc 372 StabilityProber :- Here's your good-luck cat butt:", ':ft_irc 372 StabilityProber :-     /\\_/\\', ':ft_irc 372 StabilityProber :-    ( o.o )', ':ft_irc 372 StabilityProber :-     > ^ <    ðŸ‘', ':ft_irc 372 StabilityProber :-     Cat butt initialized.', ':ft_irc 376 StabilityProber :End of /MOTD']

During handling of the above exception, another exception occurred:

Traceback (most recent call last):
  File "/home/shaboom/ft_irc_dev_jack/irc_tester/tests/test_stability.py", line 36, in test_server_maintains_connection_and_responds
    self.fail(f"Failed to register client for stability test: {e}")
AssertionError: Failed to register client for stability test: False is not true : Expected IRC reply 001 not found in response:
[':ft_irc NOTICE * :Password accepted. Continuing registration.', ':ft_irc 001 StabilityProber :Welcome to the IRC server StabilityProber!', ':ft_irc 002 StabilityProber :Your host is ft_irc, running version 1.0', ':ft_irc 003 StabilityProber :This server was created today', ':ft_irc 004 StabilityProber ft_irc 1.0 o o', ':ft_irc 375 StabilityProber :- ~ Meowdy, traveler! ~', ":ft_irc 372 StabilityProber :- Here's your good-luck cat butt:", ':ft_irc 372 StabilityProber :-     /\\_/\\', ':ft_irc 372 StabilityProber :-    ( o.o )', ':ft_irc 372 StabilityProber :-     > ^ <    ðŸ‘', ':ft_irc 372 StabilityProber :-     Cat butt initialized.', ':ft_irc 376 StabilityProber :End of /MOTD']

----------------------------------------------------------------------
Ran 1 test in 3.105s

FAILED (failures=1)
