test_duplicate_nickname (test_registration.TestRegistration.test_duplicate_nickname)
Tests attempting to use a nickname that is already taken. ... FAIL
test_incomplete_nick_command (test_registration.TestRegistration.test_incomplete_nick_command)
Tests sending a NICK command with missing parameters. ... FAIL
test_incomplete_user_command (test_registration.TestRegistration.test_incomplete_user_command)
Tests sending a USER command with missing parameters. ... FAIL
test_nick_change_after_registration (test_registration.TestRegistration.test_nick_change_after_registration)
Tests changing a nickname after successful registration. ... ERROR
test_nick_without_user_registration (test_registration.TestRegistration.test_nick_without_user_registration)
Tests sending only NICK without USER, verifying server state or error. ... ERROR
test_registration_order_independence (test_registration.TestRegistration.test_registration_order_independence)
Tests if NICK/USER can be sent in any order for full registration. ... ERROR
test_user_without_nick_registration (test_registration.TestRegistration.test_user_without_nick_registration)
Tests sending only USER without NICK, verifying server state or error. ... ERROR

======================================================================
ERROR: test_nick_change_after_registration (test_registration.TestRegistration.test_nick_change_after_registration)
Tests changing a nickname after successful registration.
----------------------------------------------------------------------
Traceback (most recent call last):
  File "/home/jack/github/ft_irc_dev/irc_tester/tests/irc_tester_utils.py", line 173, in setUp
    self.sock.connect((self.SERVER_HOST, self.SERVER_PORT))
ConnectionRefusedError: [Errno 111] Connection refused

======================================================================
ERROR: test_nick_without_user_registration (test_registration.TestRegistration.test_nick_without_user_registration)
Tests sending only NICK without USER, verifying server state or error.
----------------------------------------------------------------------
Traceback (most recent call last):
  File "/home/jack/github/ft_irc_dev/irc_tester/tests/irc_tester_utils.py", line 173, in setUp
    self.sock.connect((self.SERVER_HOST, self.SERVER_PORT))
ConnectionRefusedError: [Errno 111] Connection refused

======================================================================
ERROR: test_registration_order_independence (test_registration.TestRegistration.test_registration_order_independence)
Tests if NICK/USER can be sent in any order for full registration.
----------------------------------------------------------------------
Traceback (most recent call last):
  File "/home/jack/github/ft_irc_dev/irc_tester/tests/irc_tester_utils.py", line 173, in setUp
    self.sock.connect((self.SERVER_HOST, self.SERVER_PORT))
ConnectionRefusedError: [Errno 111] Connection refused

======================================================================
ERROR: test_user_without_nick_registration (test_registration.TestRegistration.test_user_without_nick_registration)
Tests sending only USER without NICK, verifying server state or error.
----------------------------------------------------------------------
Traceback (most recent call last):
  File "/home/jack/github/ft_irc_dev/irc_tester/tests/irc_tester_utils.py", line 173, in setUp
    self.sock.connect((self.SERVER_HOST, self.SERVER_PORT))
ConnectionRefusedError: [Errno 111] Connection refused

======================================================================
FAIL: test_duplicate_nickname (test_registration.TestRegistration.test_duplicate_nickname)
Tests attempting to use a nickname that is already taken.
----------------------------------------------------------------------
Traceback (most recent call last):
  File "/home/jack/github/ft_irc_dev/irc_tester/tests/test_registration.py", line 52, in test_duplicate_nickname
    self.assert_irc_reply(response_b, "433", client_a_nick)
  File "/home/jack/github/ft_irc_dev/irc_tester/tests/irc_tester_utils.py", line 255, in assert_irc_reply
    self.assertTrue(found, f"Expected IRC reply {expected_code} not found in response:\n{response_lines}")
AssertionError: False is not true : Expected IRC reply 433 not found in response:
[':localhost NOTICE * :Password accepted. Continuing registration.', ':Alice!@localhost NICK anon_the_lucky_83', ':localhost 001 anon_the_lucky_83 :Welcome to the IRC server anon_the_lucky_83!', ':localhost 002 anon_the_lucky_83 :Your host is localhost, running version 1.0', ':localhost 003 anon_the_lucky_83 :This server was created today', ':localhost 004 anon_the_lucky_83 localhost 1.0 o o', ':localhost 375 anon_the_lucky_83 :- ~ Meowdy, traveler! ~', ":localhost 372 anon_the_lucky_83 :- Here's your good-luck cat butt:", ':localhost 372 anon_the_lucky_83 :-     /\\_/\\', ':localhost 372 anon_the_lucky_83 :-    ( o.o )', ':localhost 372 anon_the_lucky_83 :-     > ^ <    ðŸ‘', ':localhost 372 anon_the_lucky_83 :-     Cat butt initialized.', ':localhost 376 anon_the_lucky_83 :End of /MOTD']

======================================================================
FAIL: test_incomplete_nick_command (test_registration.TestRegistration.test_incomplete_nick_command)
Tests sending a NICK command with missing parameters.
----------------------------------------------------------------------
Traceback (most recent call last):
  File "/home/jack/github/ft_irc_dev/irc_tester/tests/test_registration.py", line 84, in test_incomplete_nick_command
    self.assert_irc_reply(response, "431")
  File "/home/jack/github/ft_irc_dev/irc_tester/tests/irc_tester_utils.py", line 255, in assert_irc_reply
    self.assertTrue(found, f"Expected IRC reply {expected_code} not found in response:\n{response_lines}")
AssertionError: False is not true : Expected IRC reply 431 not found in response:
[':localhost NOTICE * :Password accepted. Continuing registration.']

======================================================================
FAIL: test_incomplete_user_command (test_registration.TestRegistration.test_incomplete_user_command)
Tests sending a USER command with missing parameters.
----------------------------------------------------------------------
Traceback (most recent call last):
  File "/home/jack/github/ft_irc_dev/irc_tester/tests/test_registration.py", line 94, in test_incomplete_user_command
    self.assert_irc_reply(response, "461", "USER")
  File "/home/jack/github/ft_irc_dev/irc_tester/tests/irc_tester_utils.py", line 255, in assert_irc_reply
    self.assertTrue(found, f"Expected IRC reply {expected_code} not found in response:\n{response_lines}")
AssertionError: False is not true : Expected IRC reply 461 not found in response:
[]

----------------------------------------------------------------------
Ran 7 tests in 8.116s

FAILED (failures=3, errors=4)
